<?xml version="1.0" encoding="UTF-8"?>
<!-- Generated by org.testng.reporters.JUnitXMLReporter -->
<testsuite ignored="0" hostname="DESKTOP-NAB867H" failures="1" tests="1" name="Test" time="24.753" errors="0" timestamp="2023-01-05T22:29:22 IST">
  <testcase classname="io.cucumber.testng.AbstractTestNGCucumberTests" name="runScenario" time="22.453">
    <failure type="java.lang.AssertionError" message="expected [Sauce Labs Backpack] but found [hello]">
      <![CDATA[java.lang.AssertionError: expected [Sauce Labs Backpack] but found [hello]
at stepDefinitions.StepDef.item_should_be_added_to_cart(StepDef.java:102)
at âœ½.Item "Sauce Labs Backpack" should be added to cart(file:///D:/Test1/BDDcucumberProject/./Features/Products.feature:13)
... Removed 6 stack frames]]>
    </failure>
  </testcase> <!-- runScenario -->
</testsuite> <!-- Test -->
